
-------- Tree Build Start --------
Rows: 91  Cols: 3


Create Branch
Side: root  Depth: 0


Cut Tree
l: [0.3376199893314192 0.38711081920476526 0.2752691914638155]
q: 2  p: -0.855475


Create Branch
Side: l  Depth: 1


Cut Tree
l: [0.5346594507471655 0.3080253142067006 0.15731523504613404]
q: 1  p: -1.178327


Create Branch
Side: l  Depth: 2


Cut Tree
l: [0.658005510476085 0.05116154398161184 0.29083294554230305]
q: 0  p: 1.119630


Create Branch
Side: r  Depth: 2


Cut Tree
l: [0.560530534728045 0.2745420657879478 0.1649273994840072]
q: 0  p: 1.007150


Create Branch
Side: l  Depth: 3


Cut Tree
l: [0.44749471684312 0.3451569535161623 0.2073483296407177]
q: 2  p: -1.783612


Create Branch
Side: l  Depth: 4


Cut Tree
l: [0.16204868276000983 0.7544073821904272 0.08354393504956294]
q: 1  p: 0.783400


Create Branch
Side: r  Depth: 4


Cut Tree
l: [0.5199565448729006 0.33840053813197213 0.1416429169951272]
q: 1  p: -0.553715


Create Branch
Side: l  Depth: 5


Cut Tree
l: [0.7020133752677011 0.10636077805024712 0.19162584668205174]
q: 0  p: -0.846456


Create Branch
Side: r  Depth: 6


Cut Tree
l: [0.28895900389349805 0.15259287445718211 0.5584481216493198]
q: 2  p: -1.490394


Create Branch
Side: r  Depth: 7


Cut Tree
l: [0.4665497288248279 0.0906955017016024 0.4427547694735697]
q: 2  p: -0.911916


Create Branch
Side: r  Depth: 5


Cut Tree
l: [0.5370293319336719 0.2956811978198852 0.16728947024644297]
q: 0  p: -0.219473


Create Branch
Side: l  Depth: 6


Cut Tree
l: [0.6006481479826554 0.2338663998463271 0.16548545217101754]
q: 0  p: -0.889022


Create Branch
Side: r  Depth: 6


Cut Tree
l: [0.3482507128798014 0.4177067911271185 0.23404249599308016]
q: 0  p: 0.648918


Create Branch
Side: l  Depth: 7


Cut Tree
l: [0.23865235754086772 0.4430925300890867 0.31825511237004556]
q: 1  p: -0.051957


Create Branch
Side: l  Depth: 8


Cut Tree
l: [0.49405960971366214 0.12740308565437405 0.3785373046319639]
q: 2  p: -1.368876


Create Branch
Side: r  Depth: 8


Cut Tree
l: [0.26341019761472256 0.2793720999387905 0.4572177024464869]
q: 0  p: 0.348456


Create Branch
Side: r  Depth: 7


Cut Tree
l: [0.057613832870125316 0.5660987312923981 0.37628743583747665]
q: 1  p: 0.055376


Create Branch
Side: l  Depth: 8


Cut Tree
l: [0.08529338537949838 0.3191919449962 0.5955146696243017]
q: 1  p: -0.464510


Create Branch
Side: r  Depth: 3


Cut Tree
l: [0.21044569589596396 0.45194885821600006 0.33760544588803604]
q: 1  p: -0.330405


Create Branch
Side: r  Depth: 4


Cut Tree
l: [0.20944929933392073 0.07726941469594165 0.7132812859701376]
q: 2  p: -1.485199


Create Branch
Side: r  Depth: 1


Cut Tree
l: [0.3545307129723241 0.4220123978515725 0.2234568891761034]
q: 1  p: -2.281371


Create Branch
Side: r  Depth: 2


Cut Tree
l: [0.3751772703574644 0.3883525377632627 0.23647019187927293]
q: 1  p: 1.161143


Create Branch
Side: l  Depth: 3


Cut Tree
l: [0.44395900197049376 0.2762184216712249 0.2798225763582814]
q: 2  p: -0.525681


Create Branch
Side: l  Depth: 4


Cut Tree
l: [0.6629107852156895 0.2905373071925642 0.04655190759174637]
q: 1  p: 0.295748


Create Branch
Side: l  Depth: 5


Cut Tree
l: [0.7302888697700443 0.21842769852390082 0.05128343170605484]
q: 0  p: 0.306544


Create Branch
Side: l  Depth: 6


Cut Tree
l: [0.6878275913656907 0.20106880651053924 0.11110360212377014]
q: 0  p: -0.781305


Create Branch
Side: r  Depth: 6


Cut Tree
l: [0.29080356550160247 0.6098544461432656 0.09934198835513197]
q: 1  p: 0.013879


Create Branch
Side: r  Depth: 4


Cut Tree
l: [0.45637468899009026 0.28394310223248265 0.2596822087774272]
q: 0  p: 0.989910


Create Branch
Side: l  Depth: 5


Cut Tree
l: [0.43263786735503634 0.3393536347618899 0.22800849788307384]
q: 1  p: 0.655184


Create Branch
Side: l  Depth: 6


Cut Tree
l: [0.36069168729553125 0.36784907661215716 0.27145923609231154]
q: 0  p: -0.354914


Create Branch
Side: l  Depth: 7


Cut Tree
l: [0.22326747637284783 0.4448197023763588 0.33191282125079347]
q: 1  p: -0.810983


Create Branch
Side: l  Depth: 8


Cut Tree
l: [0.3781595809324523 0.4292067775853255 0.19263364148222228]
q: 0  p: -1.576447


Create Branch
Side: r  Depth: 9


Cut Tree
l: [0.35333929221281757 0.4427740550134615 0.20388665277372098]
q: 1  p: -1.319211


Create Branch
Side: r  Depth: 8


Cut Tree
l: [0.2920356534298205 0.2738197088897643 0.4341446376804152]
q: 1  p: -0.404615


Create Branch
Side: l  Depth: 9


Cut Tree
l: [0.3714205298834337 0.1588298282994954 0.4697496418170709]
q: 1  p: -0.478827


Create Branch
Side: l  Depth: 10


Cut Tree
l: [0.3761831371852226 0.14804377077315153 0.4757730920416259]
q: 1  p: -0.731284


Create Branch
Side: r  Depth: 9


Cut Tree
l: [0.32733517689778496 0.18604337772279214 0.48662144537942287]
q: 2  p: 0.475838


Create Branch
Side: l  Depth: 10


Cut Tree
l: [0.49075492033845886 0.21768645464242373 0.29155862501911745]
q: 0  p: -1.466590


Create Branch
Side: r  Depth: 11


Cut Tree
l: [0.46888288921035814 0.2562147726143391 0.2749023381753028]
q: 2  p: -0.332247


Create Branch
Side: r  Depth: 10


Cut Tree
l: [0.28852469740104497 0.27955727701627786 0.4319180255826772]
q: 2  p: 1.396934


Create Branch
Side: l  Depth: 11


Cut Tree
l: [0.2641983710128556 0.3463659301755143 0.3894356988116302]
q: 2  p: 1.200946


Create Branch
Side: l  Depth: 12


Cut Tree
l: [0.3461606395736526 0.36137461347609523 0.2924647469502522]
q: 1  p: 0.390897


Create Branch
Side: l  Depth: 13


Cut Tree
l: [0.4879084250561299 0.1652262331230397 0.34686534182083034]
q: 2  p: 0.834633


Create Branch
Side: r  Depth: 13


Cut Tree
l: [0.7922500326423203 0.019928401357940433 0.18782156599973926]
q: 0  p: -0.713992


Create Branch
Side: r  Depth: 11


Cut Tree
l: [0.542552059948106 0.388066362588245 0.06938157746364906]
q: 0  p: -0.513479


Create Branch
Side: r  Depth: 7


Cut Tree
l: [0.2610284958860805 0.3761368427877852 0.3628346613261342]
q: 1  p: -0.708801


Create Branch
Side: l  Depth: 8


Cut Tree
l: [0.42360777027732466 0.17262698085233796 0.4037652488703373]
q: 1  p: -1.067274


Create Branch
Side: l  Depth: 9


Cut Tree
l: [0.428871782670144 0.06209946375114791 0.5090287535787081]
q: 2  p: 0.679493


Create Branch
Side: r  Depth: 9


Cut Tree
l: [0.38618259727156307 0.13685739514997033 0.47696000757846657]
q: 1  p: -0.946149


Create Branch
Side: l  Depth: 10


Cut Tree
l: [0.4375420340010676 0.022065795747158157 0.5403921702517742]
q: 0  p: -0.189991


Create Branch
Side: r  Depth: 11


Cut Tree
l: [0.3597483733520278 0.002123694554275434 0.6381279320936968]
q: 0  p: 0.251687


Create Branch
Side: r  Depth: 8


Cut Tree
l: [0.30313713363590294 0.30436980717354234 0.39249305919055477]
q: 1  p: 0.262918


Create Branch
Side: l  Depth: 9


Cut Tree
l: [0.3477489467715073 0.2019959283892545 0.45025512483923813]
q: 2  p: 1.103713


Create Branch
Side: l  Depth: 10


Cut Tree
l: [0.4046023858806287 0.18630302892256026 0.409094585196811]
q: 1  p: -0.112956


Create Branch
Side: l  Depth: 11


Cut Tree
l: [0.4324905935079138 0.13021697785860117 0.43729242863348505]
q: 0  p: 0.708435


Create Branch
Side: l  Depth: 12


Cut Tree
l: [0.28507274570859903 0.1343685628678826 0.5805586914235183]
q: 2  p: 0.720052


Create Branch
Side: l  Depth: 13


Cut Tree
l: [0.3176068177475794 0.14970344342004369 0.5326897388323769]
q: 0  p: -0.315653


Create Branch
Side: r  Depth: 14


Cut Tree
l: [0.19937001127717008 0.1843380832137565 0.6162919055090733]
q: 2  p: 0.067341


Create Branch
Side: r  Depth: 15


Cut Tree
l: [0.32770046430322175 0.34207571700320494 0.33022381869357337]
q: 0  p: 0.186504


Create Branch
Side: l  Depth: 16


Cut Tree
l: [0.0896164792684564 0.4373353169043107 0.47304820382723295]
q: 1  p: -0.315972


Create Branch
Side: r  Depth: 11


Cut Tree
l: [0.6578282890491058 0.0283433129305344 0.3138283980203598]
q: 0  p: 0.638064


Create Branch
Side: r  Depth: 10


Cut Tree
l: [0.546415964576282 0.36315879707402243 0.09042523834969547]
q: 1  p: -0.405160


Create Branch
Side: r  Depth: 9


Cut Tree
l: [0.11934425905966996 0.1198273345744969 0.7608284063658332]
q: 2  p: 0.089009


Create Branch
Side: r  Depth: 6


Cut Tree
l: [0.5734387217685543 0.07753775585921838 0.3490235223722273]
q: 0  p: -2.687528


Create Branch
Side: r  Depth: 7


Cut Tree
l: [0.42684261502221715 0.10418511865299263 0.46897226632479017]
q: 2  p: 0.683482


Create Branch
Side: l  Depth: 8


Cut Tree
l: [0.4100665675216535 0.11289005656907238 0.47704337590927404]
q: 2  p: 0.039217


Create Branch
Side: r  Depth: 8


Cut Tree
l: [0.5574166518588674 0.13605604962861356 0.306527298512519]
q: 0  p: -1.454005


Create Branch
Side: r  Depth: 9


Cut Tree
l: [0.4122951274318823 0.18298974440034382 0.40471512816777394]
q: 0  p: -0.553483


Create Branch
Side: l  Depth: 10


Cut Tree
l: [0.15277640401098852 0.26379435753614633 0.5834292384528652]
q: 2  p: 1.387484


Create Branch
Side: r  Depth: 5


Cut Tree
l: [0.15461459157907403 0.4108238789031643 0.4345615295177618]
q: 2  p: 0.193893


Create Branch
Side: l  Depth: 6


Cut Tree
l: [0.14126096160413495 0.6833526929586774 0.17538634543718762]
q: 1  p: 0.694319


Create Branch
Side: l  Depth: 7


Cut Tree
l: [0.15049071839938258 0.6394501991014696 0.21005908249914773]
q: 1  p: -1.064628


Create Branch
Side: r  Depth: 8


Cut Tree
l: [0.2502082596633975 0.40054417199741504 0.3492475683391875]
q: 1  p: 0.216102


Create Branch
Side: l  Depth: 9


Cut Tree
l: [0.4060728272684216 0.027119555417489633 0.5668076173140888]
q: 0  p: 1.951030


Create Branch
Side: r  Depth: 6


Cut Tree
l: [0.1654580299751616 0.46556068820605645 0.368981281818782]
q: 1  p: -1.712893


Create Branch
Side: r  Depth: 7


Cut Tree
l: [0.21059216613405643 0.31977473468784395 0.46963309917809953]
q: 1  p: 0.283355


Create Branch
Side: l  Depth: 8


Cut Tree
l: [0.27718660652490373 0.095685526887389 0.6271278665877073]
q: 2  p: 1.409779


Create Branch
Side: l  Depth: 9


Cut Tree
l: [0.878631417180349 0.07939426025180919 0.04197432256784171]
q: 0  p: 1.233909


Create Branch
Side: r  Depth: 9


Cut Tree
l: [0.4511313588211682 0.00508633443430177 0.54378230674453]
q: 2  p: 1.758712


Create Branch
Side: r  Depth: 8


Cut Tree
l: [0.0889549063889623 0.1991871181947805 0.7118579754162573]
q: 2  p: 1.391756


Create Branch
Side: l  Depth: 9


Cut Tree
l: [0.19918729765593476 0.31982129750930116 0.48099140483476405]
q: 2  p: 0.453968


Create Branch
Side: r  Depth: 9


Cut Tree
l: [0.12181485910773242 0.5439075120359613 0.3342776288563063]
q: 1  p: 0.685590


Create Branch
Side: r  Depth: 3


Cut Tree
l: [0.3374496991355586 0.27783971823600323 0.3847105826284381]
q: 0  p: 0.614871


Create Branch
Side: l  Depth: 4


Cut Tree
l: [0.31251943480316596 0.2882941963467577 0.3991863688500764]
q: 1  p: 2.143028


Create Branch
Side: l  Depth: 5


Cut Tree
l: [0.4233250813974371 0.16180463712431206 0.4148702814782508]
q: 0  p: -1.378429


Create Branch
Side: r  Depth: 6


Cut Tree
l: [0.3456476825126475 0.18359952178787747 0.47075279569947504]
q: 0  p: -0.719053


Create Branch
Side: l  Depth: 7


Cut Tree
l: [0.06431514257831555 0.05786770131847466 0.8778171561032097]
q: 2  p: 1.462009


Create Branch
Side: r  Depth: 5


Cut Tree
l: [0.22899584874595627 0.24575145309873436 0.5252526981553092]
q: 2  p: 1.240497


Create Branch
Side: l  Depth: 6


Cut Tree
l: [0.26377319184825937 0.4615869045220628 0.27463990362967783]
q: 0  p: 0.437470


Create Branch
Side: r  Depth: 4


Cut Tree
l: [0.07495370716424721 0.2996541055077452 0.6253921873280076]
q: 2  p: 0.377840

